[2023/02/18 15:55:36][ERROR][][]  - Fail to load class com.tradevan.helpdesk.common.ApLogger
[2023/02/18 15:55:36][ERROR][][]  - Fail to instant logger class: com.tradevan.helpdesk.common.ApLogger
[2023/02/18 15:55:36][ERROR][][]  - read /APNVAN/def/orapass failed! java.io.FileNotFoundException: \APNVAN\def\orapass (系統找不到指定的路徑。)
[2023/02/18 16:00:15][ERROR][][]  - Fail to load class com.tradevan.helpdesk.common.ApLogger
[2023/02/18 16:00:15][ERROR][][]  - Fail to instant logger class: com.tradevan.helpdesk.common.ApLogger
[2023/02/18 16:01:18][ERROR][][]  - Fail to load class com.tradevan.helpdesk.common.ApLogger
[2023/02/18 16:01:18][ERROR][][]  - Fail to instant logger class: com.tradevan.helpdesk.common.ApLogger
[2023/02/18 16:02:14][ERROR][][]  - Fail to load class com.tradevan.helpdesk.common.ApLogger
[2023/02/18 16:02:14][ERROR][][]  - Fail to instant logger class: com.tradevan.helpdesk.common.ApLogger
[2023/02/18 16:02:55][ERROR][][]  - Fail to load class com.tradevan.helpdesk.common.ApLogger
[2023/02/18 16:02:55][ERROR][][]  - Fail to instant logger class: com.tradevan.helpdesk.common.ApLogger
[2023/02/18 16:03:48][ERROR][][]  - Fail to load class com.tradevan.helpdesk.common.ApLogger
[2023/02/18 16:03:48][ERROR][][]  - Fail to instant logger class: com.tradevan.helpdesk.common.ApLogger
[2023/02/18 16:04:21][ERROR][][]  - Fail to load class com.tradevan.helpdesk.common.ApLogger
[2023/02/18 16:04:21][ERROR][][]  - Fail to instant logger class: com.tradevan.helpdesk.common.ApLogger
[2023/02/18 16:05:43][ERROR][][]  - Fail to load class com.tradevan.helpdesk.common.ApLogger
[2023/02/18 16:05:43][ERROR][][]  - Fail to instant logger class: com.tradevan.helpdesk.common.ApLogger
[2023/02/18 16:06:37][ERROR][][]  - Fail to load class com.tradevan.helpdesk.common.ApLogger
[2023/02/18 16:06:37][ERROR][][]  - Fail to instant logger class: com.tradevan.helpdesk.common.ApLogger
[2023/02/18 16:07:34][ERROR][][]  - Fail to load class com.tradevan.helpdesk.common.ApLogger
[2023/02/18 16:07:34][ERROR][][]  - Fail to instant logger class: com.tradevan.helpdesk.common.ApLogger
[2023/02/18 16:08:18][ERROR][][]  - Fail to load class com.tradevan.helpdesk.common.ApLogger
[2023/02/18 16:08:18][ERROR][][]  - Fail to instant logger class: com.tradevan.helpdesk.common.ApLogger
[2023/02/18 16:09:08][ERROR][][]  - Fail to load class com.tradevan.helpdesk.common.ApLogger
[2023/02/18 16:09:08][ERROR][][]  - Fail to instant logger class: com.tradevan.helpdesk.common.ApLogger
[2023/02/18 16:09:32][ERROR][][]  - Fail to load class com.tradevan.helpdesk.common.ApLogger
[2023/02/18 16:09:32][ERROR][][]  - Fail to instant logger class: com.tradevan.helpdesk.common.ApLogger
[2023/02/18 16:09:56][ERROR][][]  - Fail to load class com.tradevan.helpdesk.common.ApLogger
[2023/02/18 16:09:56][ERROR][][]  - Fail to instant logger class: com.tradevan.helpdesk.common.ApLogger
[2023/02/18 16:10:43][ERROR][][]  - Fail to load class com.tradevan.helpdesk.common.ApLogger
[2023/02/18 16:10:43][ERROR][][]  - Fail to instant logger class: com.tradevan.helpdesk.common.ApLogger
[2023/02/18 16:11:05][ERROR][][]  - Fail to load class com.tradevan.helpdesk.common.ApLogger
[2023/02/18 16:11:05][ERROR][][]  - Fail to instant logger class: com.tradevan.helpdesk.common.ApLogger
[2023/02/18 16:11:42][ERROR][][]  - Fail to load class com.tradevan.helpdesk.common.ApLogger
[2023/02/18 16:11:42][ERROR][][]  - Fail to instant logger class: com.tradevan.helpdesk.common.ApLogger
[2023/02/18 16:12:00][ERROR][][]  - Fail to load class com.tradevan.helpdesk.common.ApLogger
[2023/02/18 16:12:00][ERROR][][]  - Fail to instant logger class: com.tradevan.helpdesk.common.ApLogger
[2023/02/18 16:12:34][ERROR][][]  - Fail to load class com.tradevan.helpdesk.common.ApLogger
[2023/02/18 16:12:34][ERROR][][]  - Fail to instant logger class: com.tradevan.helpdesk.common.ApLogger
[2023/02/18 16:12:56][ERROR][][]  - Fail to load class com.tradevan.helpdesk.common.ApLogger
[2023/02/18 16:12:56][ERROR][][]  - Fail to instant logger class: com.tradevan.helpdesk.common.ApLogger
[2023/02/18 16:13:27][ERROR][][]  - Fail to load class com.tradevan.helpdesk.common.ApLogger
[2023/02/18 16:13:27][ERROR][][]  - Fail to instant logger class: com.tradevan.helpdesk.common.ApLogger
[2023/02/18 16:14:20][ERROR][][]  - Fail to load class com.tradevan.helpdesk.common.ApLogger
[2023/02/18 16:14:20][ERROR][][]  - Fail to instant logger class: com.tradevan.helpdesk.common.ApLogger
[2023/02/18 16:14:50][ERROR][][]  - Fail to load class com.tradevan.helpdesk.common.ApLogger
[2023/02/18 16:14:50][ERROR][][]  - Fail to instant logger class: com.tradevan.helpdesk.common.ApLogger
[2023/02/18 16:15:23][ERROR][][]  - Fail to load class com.tradevan.helpdesk.common.ApLogger
[2023/02/18 16:15:23][ERROR][][]  - Fail to instant logger class: com.tradevan.helpdesk.common.ApLogger
[2023/02/18 16:16:17][ERROR][][]  - Fail to load class com.tradevan.helpdesk.common.ApLogger
[2023/02/18 16:16:18][ERROR][][]  - Fail to instant logger class: com.tradevan.helpdesk.common.ApLogger
[2023/02/18 16:17:57][ERROR][][]  - Fail to load class com.tradevan.helpdesk.common.ApLogger
[2023/02/18 16:17:57][ERROR][][]  - Fail to instant logger class: com.tradevan.helpdesk.common.ApLogger
[2023/02/18 16:18:50][ERROR][][]  - Fail to load class com.tradevan.helpdesk.common.ApLogger
[2023/02/18 16:18:50][ERROR][][]  - Fail to instant logger class: com.tradevan.helpdesk.common.ApLogger
[2023/02/18 16:19:03][ERROR][][]  - Fail to load class com.tradevan.helpdesk.common.ApLogger
[2023/02/18 16:19:03][ERROR][][]  - Fail to instant logger class: com.tradevan.helpdesk.common.ApLogger
[2023/02/18 16:19:05][DEBUG][][]  - [pngscConn] Connection Active: 1 / 4, Idle:0
[2023/02/18 16:19:05][INFO][][]  - [pngscConn] Prepare SQL (timeout: 180) SELECT * FROM VAN_MSG_LOG_EXT2 WHERE MESSAGE_ID = ? AND MESSAGE_SUB_ID = ? AND ROWNUM <= 100 ORDER BY EXT_ID
[2023/02/18 16:19:05][DEBUG][][]  - [pngscConn] set 1th parameter: F3O0J6GE9
[2023/02/18 16:19:05][DEBUG][][]  - [pngscConn] set 2th parameter: 001
[2023/02/18 16:19:05][INFO][][]  - [pngscConn] DataList size: 0
[2023/02/18 16:19:05][DEBUG][][]  - [pngscConn] Connection Active: 0 / 4, Idle:1
[2023/02/18 16:19:43][ERROR][][]  - Fail to load class com.tradevan.helpdesk.common.ApLogger
[2023/02/18 16:19:43][ERROR][][]  - Fail to instant logger class: com.tradevan.helpdesk.common.ApLogger
[2023/02/18 16:19:45][DEBUG][][]  - [pngscConn] Connection Active: 1 / 4, Idle:0
[2023/02/18 16:19:45][INFO][][]  - [pngscConn] Prepare SQL (timeout: 180) SELECT * FROM VAN_MSG_LOG_EXT2 WHERE MESSAGE_ID = ? AND MESSAGE_SUB_ID = ? AND ROWNUM <= 100 ORDER BY EXT_ID
[2023/02/18 16:19:45][DEBUG][][]  - [pngscConn] set 1th parameter: N2A1NYKFQ
[2023/02/18 16:19:45][DEBUG][][]  - [pngscConn] set 2th parameter: 001
[2023/02/18 16:19:45][INFO][][]  - [pngscConn] DataList size: 32
[2023/02/18 16:19:45][DEBUG][][]  - [pngscConn] Connection Active: 0 / 4, Idle:1
[2023/02/18 16:20:03][ERROR][][]  - Fail to load class com.tradevan.helpdesk.common.ApLogger
[2023/02/18 16:20:03][ERROR][][]  - Fail to instant logger class: com.tradevan.helpdesk.common.ApLogger
[2023/02/18 16:20:05][DEBUG][][]  - [pngscConn] Connection Active: 1 / 4, Idle:0
[2023/02/18 16:20:05][INFO][][]  - [pngscConn] Prepare SQL (timeout: 180) SELECT * FROM VAN_MSG_LOG_EXT2 WHERE MESSAGE_ID = ? AND MESSAGE_SUB_ID = ? AND ROWNUM <= 100 ORDER BY EXT_ID
[2023/02/18 16:20:05][DEBUG][][]  - [pngscConn] set 1th parameter: N2A1NYKFQ
[2023/02/18 16:20:05][DEBUG][][]  - [pngscConn] set 2th parameter: 001
[2023/02/18 16:20:05][INFO][][]  - [pngscConn] DataList size: 32
[2023/02/18 16:20:05][DEBUG][][]  - [pngscConn] Connection Active: 0 / 4, Idle:1
[2023/02/18 16:22:12][ERROR][][]  - Fail to load class com.tradevan.helpdesk.common.ApLogger
[2023/02/18 16:22:12][ERROR][][]  - Fail to instant logger class: com.tradevan.helpdesk.common.ApLogger
[2023/02/18 16:22:14][DEBUG][][]  - [pngscConn] Connection Active: 1 / 4, Idle:0
[2023/02/18 16:22:14][INFO][][]  - [pngscConn] Prepare SQL (timeout: 180) SELECT * FROM VAN_MSG_LOG_EXT2 WHERE MESSAGE_ID = ? AND MESSAGE_SUB_ID = ? AND ROWNUM <= 100 ORDER BY EXT_ID
[2023/02/18 16:22:14][DEBUG][][]  - [pngscConn] set 1th parameter: N241NYDK6
[2023/02/18 16:22:14][DEBUG][][]  - [pngscConn] set 2th parameter: 001
[2023/02/18 16:22:14][INFO][][]  - [pngscConn] DataList size: 1
[2023/02/18 16:22:14][DEBUG][][]  - [pngscConn] Connection Active: 0 / 4, Idle:1
[2023/02/18 16:28:21][ERROR][][]  - Fail to load class com.tradevan.helpdesk.common.ApLogger
[2023/02/18 16:28:21][ERROR][][]  - Fail to instant logger class: com.tradevan.helpdesk.common.ApLogger
[2023/02/18 16:28:23][DEBUG][][]  - [pngscConn] Connection Active: 1 / 4, Idle:0
[2023/02/18 16:28:23][INFO][][]  - [pngscConn] Prepare SQL (timeout: 180) SELECT * FROM VAN_MSG_LOG_EXT2 WHERE MESSAGE_ID = ? AND MESSAGE_SUB_ID = ? AND ROWNUM <= 100 ORDER BY EXT_ID
[2023/02/18 16:28:23][DEBUG][][]  - [pngscConn] set 1th parameter: N241NYDK6
[2023/02/18 16:28:23][DEBUG][][]  - [pngscConn] set 2th parameter: 001
[2023/02/18 16:28:23][INFO][][]  - [pngscConn] DataList size: 1
[2023/02/18 16:28:23][DEBUG][][]  - [pngscConn] Connection Active: 0 / 4, Idle:1
[2023/02/18 16:28:52][ERROR][][]  - Fail to load class com.tradevan.helpdesk.common.ApLogger
[2023/02/18 16:28:52][ERROR][][]  - Fail to instant logger class: com.tradevan.helpdesk.common.ApLogger
[2023/02/18 16:28:53][DEBUG][][]  - [pngscConn] Connection Active: 1 / 4, Idle:0
[2023/02/18 16:28:53][INFO][][]  - [pngscConn] Prepare SQL (timeout: 180) SELECT * FROM VAN_MSG_LOG_EXT2 WHERE MESSAGE_ID = ? AND MESSAGE_SUB_ID = ? AND ROWNUM <= 100 ORDER BY EXT_ID
[2023/02/18 16:28:54][DEBUG][][]  - [pngscConn] set 1th parameter: N231NYC8U
[2023/02/18 16:28:54][DEBUG][][]  - [pngscConn] set 2th parameter: 001
[2023/02/18 16:28:54][INFO][][]  - [pngscConn] DataList size: 3
[2023/02/18 16:28:54][DEBUG][][]  - [pngscConn] Connection Active: 0 / 4, Idle:1
[2023/02/18 16:31:22][ERROR][][]  - Fail to load class com.tradevan.helpdesk.common.ApLogger
[2023/02/18 16:31:22][ERROR][][]  - Fail to instant logger class: com.tradevan.helpdesk.common.ApLogger
[2023/02/18 16:31:24][DEBUG][][]  - [pngscConn] Connection Active: 1 / 4, Idle:0
[2023/02/18 16:31:24][INFO][][]  - [pngscConn] Prepare SQL (timeout: 180) SELECT * FROM VAN_MSG_LOG_EXT2 WHERE MESSAGE_ID = ? AND MESSAGE_SUB_ID = ? AND ROWNUM <= 100 ORDER BY EXT_ID
[2023/02/18 16:31:24][DEBUG][][]  - [pngscConn] set 1th parameter: N1J1NXVMW
[2023/02/18 16:31:24][DEBUG][][]  - [pngscConn] set 2th parameter: 001
[2023/02/18 16:31:24][INFO][][]  - [pngscConn] DataList size: 4
[2023/02/18 16:31:24][DEBUG][][]  - [pngscConn] Connection Active: 0 / 4, Idle:1
[2023/02/18 16:33:52][ERROR][][]  - Fail to load class com.tradevan.helpdesk.common.ApLogger
[2023/02/18 16:33:52][ERROR][][]  - Fail to instant logger class: com.tradevan.helpdesk.common.ApLogger
[2023/02/18 16:33:54][DEBUG][][]  - [pngscConn] Connection Active: 1 / 4, Idle:0
[2023/02/18 16:33:54][INFO][][]  - [pngscConn] Prepare SQL (timeout: 180) SELECT * FROM VAN_MSG_LOG_EXT2 WHERE MESSAGE_ID = ? AND MESSAGE_SUB_ID = ? AND ROWNUM <= 100 ORDER BY EXT_ID
[2023/02/18 16:33:54][DEBUG][][]  - [pngscConn] set 1th parameter: N1J1NXVMW
[2023/02/18 16:33:54][DEBUG][][]  - [pngscConn] set 2th parameter: 001
[2023/02/18 16:33:54][INFO][][]  - [pngscConn] DataList size: 4
[2023/02/18 16:33:54][DEBUG][][]  - [pngscConn] Connection Active: 0 / 4, Idle:1
[2023/02/18 16:34:18][ERROR][][]  - Fail to load class com.tradevan.helpdesk.common.ApLogger
[2023/02/18 16:34:18][ERROR][][]  - Fail to instant logger class: com.tradevan.helpdesk.common.ApLogger
[2023/02/18 16:34:19][DEBUG][][]  - [pngscConn] Connection Active: 1 / 4, Idle:0
[2023/02/18 16:34:19][INFO][][]  - [pngscConn] Prepare SQL (timeout: 180) SELECT * FROM VAN_MSG_LOG_EXT2 WHERE MESSAGE_ID = ? AND MESSAGE_SUB_ID = ? AND ROWNUM <= 100 ORDER BY EXT_ID
[2023/02/18 16:34:20][DEBUG][][]  - [pngscConn] set 1th parameter: N1J1NXVMW
[2023/02/18 16:34:20][DEBUG][][]  - [pngscConn] set 2th parameter: 001
[2023/02/18 16:34:20][INFO][][]  - [pngscConn] DataList size: 4
[2023/02/18 16:34:20][DEBUG][][]  - [pngscConn] Connection Active: 0 / 4, Idle:1
[2023/02/18 16:44:34][ERROR][][]  - Fail to load class com.tradevan.helpdesk.common.ApLogger
[2023/02/18 16:44:34][ERROR][][]  - Fail to instant logger class: com.tradevan.helpdesk.common.ApLogger
[2023/02/18 16:44:36][DEBUG][][]  - [pngscConn] Connection Active: 1 / 4, Idle:0
[2023/02/18 16:44:36][INFO][][]  - [pngscConn] Prepare SQL (timeout: 180) SELECT * FROM VAN_MSG_LOG_EXT2 WHERE MESSAGE_ID = ? AND MESSAGE_SUB_ID = ? AND ROWNUM <= 100 ORDER BY EXT_ID
[2023/02/18 16:44:36][DEBUG][][]  - [pngscConn] set 1th parameter: N1J1NXVMW
[2023/02/18 16:44:36][DEBUG][][]  - [pngscConn] set 2th parameter: 001
[2023/02/18 16:44:36][INFO][][]  - [pngscConn] DataList size: 4
[2023/02/18 16:44:36][DEBUG][][]  - [pngscConn] Connection Active: 0 / 4, Idle:1
[2023/02/18 16:44:48][ERROR][][]  - Fail to load class com.tradevan.helpdesk.common.ApLogger
[2023/02/18 16:44:48][ERROR][][]  - Fail to instant logger class: com.tradevan.helpdesk.common.ApLogger
[2023/02/18 16:44:49][DEBUG][][]  - [pngscConn] Connection Active: 1 / 4, Idle:0
[2023/02/18 16:44:49][INFO][][]  - [pngscConn] Prepare SQL (timeout: 180) SELECT * FROM VAN_MSG_LOG_EXT2 WHERE MESSAGE_ID = ? AND MESSAGE_SUB_ID = ? AND ROWNUM <= 100 ORDER BY EXT_ID
[2023/02/18 16:44:50][DEBUG][][]  - [pngscConn] set 1th parameter: N1J1NXVMW
[2023/02/18 16:44:50][DEBUG][][]  - [pngscConn] set 2th parameter: 001
[2023/02/18 16:44:50][INFO][][]  - [pngscConn] DataList size: 4
[2023/02/18 16:44:50][DEBUG][][]  - [pngscConn] Connection Active: 0 / 4, Idle:1
[2023/02/18 16:45:00][ERROR][][]  - Fail to load class com.tradevan.helpdesk.common.ApLogger
[2023/02/18 16:45:00][ERROR][][]  - Fail to instant logger class: com.tradevan.helpdesk.common.ApLogger
[2023/02/18 16:45:01][DEBUG][][]  - [pngscConn] Connection Active: 1 / 4, Idle:0
[2023/02/18 16:45:01][INFO][][]  - [pngscConn] Prepare SQL (timeout: 180) SELECT * FROM VAN_MSG_LOG_EXT2 WHERE MESSAGE_ID = ? AND MESSAGE_SUB_ID = ? AND ROWNUM <= 100 ORDER BY EXT_ID
[2023/02/18 16:45:02][DEBUG][][]  - [pngscConn] set 1th parameter: N1J1NXVMW
[2023/02/18 16:45:02][DEBUG][][]  - [pngscConn] set 2th parameter: 001
[2023/02/18 16:45:02][INFO][][]  - [pngscConn] DataList size: 4
[2023/02/18 16:45:02][DEBUG][][]  - [pngscConn] Connection Active: 0 / 4, Idle:1
